2015-05-21 15:27:29 main INFO  main.App - count:1
2015-05-21 15:27:29 main INFO  main.App - UserBean [id=1, name=kite, email=xxx@gmail.com]
2015-05-21 15:27:29 main INFO  main.App - UserBean [id=1, name=kite, email=yyy@gmail.com]
2015-05-21 15:27:29 main INFO  main.App - count:0
2015-05-21 15:28:04 main INFO  generic.GenericJdbcDao - INSERT INTO user (id,name,email) VALUES (:id,:name,:email)
2015-05-21 15:28:04 main INFO  main.App - count:1
2015-05-21 15:28:04 main INFO  main.App - UserBean [id=1, name=kite, email=xxx@gmail.com]
2015-05-21 15:28:04 main INFO  generic.GenericJdbcDao - UPDATE user SET id=:id,name=:name,email=:email
2015-05-21 15:28:04 main INFO  main.App - UserBean [id=1, name=kite, email=yyy@gmail.com]
2015-05-21 15:28:04 main INFO  main.App - count:0
2015-05-21 15:28:20 main INFO  generic.GenericJdbcDao - INSERT INTO user (id,name,email) VALUES (:id,:name,:email)
2015-05-21 15:28:20 main INFO  main.App - count:1
2015-05-21 15:28:20 main INFO  main.App - 
2015-05-21 15:29:52 main INFO  generic.GenericJdbcDao - INSERT INTO user (id,name,email) VALUES (:id,:name,:email)
2015-05-21 15:29:52 main INFO  main.App - count:1
2015-05-21 15:29:52 main INFO  main.App - UserBean [id=1, name=kite, email=xxx@gmail.com]
2015-05-21 15:29:52 main INFO  generic.GenericJdbcDao - UPDATE user SET id=:id,name=:name,email=:email
2015-05-21 15:29:52 main INFO  main.App - 
2015-05-21 15:29:52 main INFO  main.App - count:1
2015-05-21 15:33:05 main INFO  generic.GenericJdbcDao - INSERT INTO user (id,name,email) VALUES (:id,:name,:email)
2015-05-21 15:33:05 main INFO  main.App - count:1
2015-05-21 15:33:05 main INFO  main.App - UserBean [id=1, name=kite, email=xxx@gmail.com]
2015-05-21 15:33:05 main INFO  generic.GenericJdbcDao - UPDATE user SET name=:name,email=:email WHERE id=:id
2015-05-21 15:33:05 main INFO  main.App - UserBean [id=1, name=kite, email=yyy@gmail.com]
2015-05-21 15:33:05 main INFO  main.App - count:0
2015-05-21 15:33:55 main INFO  generic.GenericJdbcDao - INSERT INTO user (id,name,email) VALUES (:id,:name,:email)
2015-05-21 15:33:56 main INFO  main.App - count:1
2015-05-21 15:33:56 main INFO  main.App - 
2015-05-21 15:33:56 main INFO  generic.GenericJdbcDao - UPDATE user SET name=:name,email=:email WHERE id=:id
2015-05-21 15:33:56 main INFO  main.App - 
2015-05-21 15:33:56 main INFO  main.App - count:1
